<?xml version="1.0" encoding="UTF-8"?>
<testsuite xmlns:xsi="http://www.w3.org/2001/XMLSchema-instance" xsi:noNamespaceSchemaLocation="https://maven.apache.org/surefire/maven-surefire-plugin/xsd/surefire-test-report-3.0.xsd" version="3.0" name="TheTransitClock.transitclockTraccar.AppTest" time="0.006" tests="1" errors="0" skipped="0" failures="0">
  <properties>
    <property name="gopherProxySet" value="false"/>
    <property name="awt.toolkit" value="sun.lwawt.macosx.LWCToolkit"/>
    <property name="java.specification.version" value="11"/>
    <property name="sun.cpu.isalist" value=""/>
    <property name="sun.jnu.encoding" value="UTF-8"/>
    <property name="java.class.path" value="/Users/rjasmin/src/ttc-met/transitime/transitclockTraccarClient/target/test-classes:/Users/rjasmin/src/ttc-met/transitime/transitclockTraccarClient/target/classes:/Users/rjasmin/src/ttc-met/transitime/transitclockSwagger/target/transitclockSwagger-2.0.54.8-int-SNAPSHOT.jar:/Users/rjasmin/.m2/repository/junit/junit/3.8.1/junit-3.8.1.jar:/Users/rjasmin/.m2/repository/io/swagger/swagger-annotations/1.5.8/swagger-annotations-1.5.8.jar:/Users/rjasmin/.m2/repository/org/glassfish/jersey/core/jersey-client/2.11/jersey-client-2.11.jar:/Users/rjasmin/.m2/repository/org/glassfish/jersey/core/jersey-common/2.11/jersey-common-2.11.jar:/Users/rjasmin/.m2/repository/javax/annotation/javax.annotation-api/1.2/javax.annotation-api-1.2.jar:/Users/rjasmin/.m2/repository/org/glassfish/jersey/bundles/repackaged/jersey-guava/2.11/jersey-guava-2.11.jar:/Users/rjasmin/.m2/repository/org/glassfish/hk2/osgi-resource-locator/1.0.1/osgi-resource-locator-1.0.1.jar:/Users/rjasmin/.m2/repository/javax/ws/rs/javax.ws.rs-api/2.0/javax.ws.rs-api-2.0.jar:/Users/rjasmin/.m2/repository/org/glassfish/hk2/hk2-api/2.3.0-b05/hk2-api-2.3.0-b05.jar:/Users/rjasmin/.m2/repository/org/glassfish/hk2/hk2-utils/2.3.0-b05/hk2-utils-2.3.0-b05.jar:/Users/rjasmin/.m2/repository/org/glassfish/hk2/external/aopalliance-repackaged/2.3.0-b05/aopalliance-repackaged-2.3.0-b05.jar:/Users/rjasmin/.m2/repository/org/glassfish/hk2/external/javax.inject/2.3.0-b05/javax.inject-2.3.0-b05.jar:/Users/rjasmin/.m2/repository/org/glassfish/hk2/hk2-locator/2.3.0-b05/hk2-locator-2.3.0-b05.jar:/Users/rjasmin/.m2/repository/org/javassist/javassist/3.18.1-GA/javassist-3.18.1-GA.jar:/Users/rjasmin/.m2/repository/org/glassfish/jersey/media/jersey-media-json-jackson/2.11/jersey-media-json-jackson-2.11.jar:/Users/rjasmin/.m2/repository/org/glassfish/jersey/media/jersey-media-multipart/2.11/jersey-media-multipart-2.11.jar:/Users/rjasmin/.m2/repository/org/jvnet/mimepull/mimepull/1.9.3/mimepull-1.9.3.jar:/Users/rjasmin/.m2/repository/com/fasterxml/jackson/jaxrs/jackson-jaxrs-base/2.8.9/jackson-jaxrs-base-2.8.9.jar:/Users/rjasmin/.m2/repository/com/fasterxml/jackson/core/jackson-core/2.8.9/jackson-core-2.8.9.jar:/Users/rjasmin/.m2/repository/com/fasterxml/jackson/core/jackson-annotations/2.8.9/jackson-annotations-2.8.9.jar:/Users/rjasmin/.m2/repository/com/fasterxml/jackson/core/jackson-databind/2.8.9/jackson-databind-2.8.9.jar:/Users/rjasmin/.m2/repository/com/fasterxml/jackson/jaxrs/jackson-jaxrs-json-provider/2.8.9/jackson-jaxrs-json-provider-2.8.9.jar:/Users/rjasmin/.m2/repository/com/fasterxml/jackson/module/jackson-module-jaxb-annotations/2.8.9/jackson-module-jaxb-annotations-2.8.9.jar:/Users/rjasmin/.m2/repository/com/fasterxml/jackson/datatype/jackson-datatype-joda/2.8.9/jackson-datatype-joda-2.8.9.jar:/Users/rjasmin/.m2/repository/joda-time/joda-time/2.7/joda-time-2.7.jar:/Users/rjasmin/.m2/repository/com/brsanthu/migbase64/2.2/migbase64-2.2.jar:"/>
    <property name="java.vm.vendor" value="Amazon.com Inc."/>
    <property name="sun.arch.data.model" value="64"/>
    <property name="java.vendor.url" value="https://aws.amazon.com/corretto/"/>
    <property name="user.timezone" value=""/>
    <property name="java.vm.specification.version" value="11"/>
    <property name="os.name" value="Mac OS X"/>
    <property name="sun.java.launcher" value="SUN_STANDARD"/>
    <property name="user.country" value="US"/>
    <property name="sun.boot.library.path" value="/Users/rjasmin/Library/Java/JavaVirtualMachines/corretto-11.0.21/Contents/Home/lib"/>
    <property name="sun.java.command" value="/Users/rjasmin/src/ttc-met/transitime/transitclockTraccarClient/target/surefire/surefirebooter-20231107104424708_6.jar /Users/rjasmin/src/ttc-met/transitime/transitclockTraccarClient/target/surefire 2023-11-07T10-44-23_905-jvmRun1 surefire-20231107104424708_4tmp surefire_1-20231107104424708_5tmp"/>
    <property name="jdk.debug" value="release"/>
    <property name="surefire.test.class.path" value="/Users/rjasmin/src/ttc-met/transitime/transitclockTraccarClient/target/test-classes:/Users/rjasmin/src/ttc-met/transitime/transitclockTraccarClient/target/classes:/Users/rjasmin/src/ttc-met/transitime/transitclockSwagger/target/transitclockSwagger-2.0.54.8-int-SNAPSHOT.jar:/Users/rjasmin/.m2/repository/junit/junit/3.8.1/junit-3.8.1.jar:/Users/rjasmin/.m2/repository/io/swagger/swagger-annotations/1.5.8/swagger-annotations-1.5.8.jar:/Users/rjasmin/.m2/repository/org/glassfish/jersey/core/jersey-client/2.11/jersey-client-2.11.jar:/Users/rjasmin/.m2/repository/org/glassfish/jersey/core/jersey-common/2.11/jersey-common-2.11.jar:/Users/rjasmin/.m2/repository/javax/annotation/javax.annotation-api/1.2/javax.annotation-api-1.2.jar:/Users/rjasmin/.m2/repository/org/glassfish/jersey/bundles/repackaged/jersey-guava/2.11/jersey-guava-2.11.jar:/Users/rjasmin/.m2/repository/org/glassfish/hk2/osgi-resource-locator/1.0.1/osgi-resource-locator-1.0.1.jar:/Users/rjasmin/.m2/repository/javax/ws/rs/javax.ws.rs-api/2.0/javax.ws.rs-api-2.0.jar:/Users/rjasmin/.m2/repository/org/glassfish/hk2/hk2-api/2.3.0-b05/hk2-api-2.3.0-b05.jar:/Users/rjasmin/.m2/repository/org/glassfish/hk2/hk2-utils/2.3.0-b05/hk2-utils-2.3.0-b05.jar:/Users/rjasmin/.m2/repository/org/glassfish/hk2/external/aopalliance-repackaged/2.3.0-b05/aopalliance-repackaged-2.3.0-b05.jar:/Users/rjasmin/.m2/repository/org/glassfish/hk2/external/javax.inject/2.3.0-b05/javax.inject-2.3.0-b05.jar:/Users/rjasmin/.m2/repository/org/glassfish/hk2/hk2-locator/2.3.0-b05/hk2-locator-2.3.0-b05.jar:/Users/rjasmin/.m2/repository/org/javassist/javassist/3.18.1-GA/javassist-3.18.1-GA.jar:/Users/rjasmin/.m2/repository/org/glassfish/jersey/media/jersey-media-json-jackson/2.11/jersey-media-json-jackson-2.11.jar:/Users/rjasmin/.m2/repository/org/glassfish/jersey/media/jersey-media-multipart/2.11/jersey-media-multipart-2.11.jar:/Users/rjasmin/.m2/repository/org/jvnet/mimepull/mimepull/1.9.3/mimepull-1.9.3.jar:/Users/rjasmin/.m2/repository/com/fasterxml/jackson/jaxrs/jackson-jaxrs-base/2.8.9/jackson-jaxrs-base-2.8.9.jar:/Users/rjasmin/.m2/repository/com/fasterxml/jackson/core/jackson-core/2.8.9/jackson-core-2.8.9.jar:/Users/rjasmin/.m2/repository/com/fasterxml/jackson/core/jackson-annotations/2.8.9/jackson-annotations-2.8.9.jar:/Users/rjasmin/.m2/repository/com/fasterxml/jackson/core/jackson-databind/2.8.9/jackson-databind-2.8.9.jar:/Users/rjasmin/.m2/repository/com/fasterxml/jackson/jaxrs/jackson-jaxrs-json-provider/2.8.9/jackson-jaxrs-json-provider-2.8.9.jar:/Users/rjasmin/.m2/repository/com/fasterxml/jackson/module/jackson-module-jaxb-annotations/2.8.9/jackson-module-jaxb-annotations-2.8.9.jar:/Users/rjasmin/.m2/repository/com/fasterxml/jackson/datatype/jackson-datatype-joda/2.8.9/jackson-datatype-joda-2.8.9.jar:/Users/rjasmin/.m2/repository/joda-time/joda-time/2.7/joda-time-2.7.jar:/Users/rjasmin/.m2/repository/com/brsanthu/migbase64/2.2/migbase64-2.2.jar:"/>
    <property name="sun.cpu.endian" value="little"/>
    <property name="user.home" value="/Users/rjasmin"/>
    <property name="user.language" value="en"/>
    <property name="java.specification.vendor" value="Oracle Corporation"/>
    <property name="java.version.date" value="2023-10-17"/>
    <property name="java.home" value="/Users/rjasmin/Library/Java/JavaVirtualMachines/corretto-11.0.21/Contents/Home"/>
    <property name="file.separator" value="/"/>
    <property name="basedir" value="/Users/rjasmin/src/ttc-met/transitime/transitclockTraccarClient"/>
    <property name="java.vm.compressedOopsMode" value="Zero based"/>
    <property name="line.separator" value="&#10;"/>
    <property name="java.specification.name" value="Java Platform API Specification"/>
    <property name="java.vm.specification.vendor" value="Oracle Corporation"/>
    <property name="java.awt.graphicsenv" value="sun.awt.CGraphicsEnvironment"/>
    <property name="surefire.real.class.path" value="/Users/rjasmin/src/ttc-met/transitime/transitclockTraccarClient/target/surefire/surefirebooter-20231107104424708_6.jar"/>
    <property name="sun.management.compiler" value="HotSpot 64-Bit Tiered Compilers"/>
    <property name="java.runtime.version" value="11.0.21+9-LTS"/>
    <property name="user.name" value="rjasmin"/>
    <property name="path.separator" value=":"/>
    <property name="os.version" value="14.0"/>
    <property name="java.runtime.name" value="OpenJDK Runtime Environment"/>
    <property name="file.encoding" value="UTF-8"/>
    <property name="java.vm.name" value="OpenJDK 64-Bit Server VM"/>
    <property name="java.vendor.version" value="Corretto-11.0.21.9.1"/>
    <property name="localRepository" value="/Users/rjasmin/.m2/repository"/>
    <property name="java.vendor.url.bug" value="https://github.com/corretto/corretto-11/issues/"/>
    <property name="java.io.tmpdir" value="/var/folders/_l/tbwmkp7d6933h30gq98dk23c0000gp/T/"/>
    <property name="java.version" value="11.0.21"/>
    <property name="user.dir" value="/Users/rjasmin/src/ttc-met/transitime/transitclockTraccarClient"/>
    <property name="os.arch" value="aarch64"/>
    <property name="java.vm.specification.name" value="Java Virtual Machine Specification"/>
    <property name="java.awt.printerjob" value="sun.lwawt.macosx.CPrinterJob"/>
    <property name="sun.os.patch.level" value="unknown"/>
    <property name="java.library.path" value="/Users/rjasmin/Library/Java/Extensions:/Library/Java/Extensions:/Network/Library/Java/Extensions:/System/Library/Java/Extensions:/usr/lib/java:."/>
    <property name="java.vm.info" value="mixed mode"/>
    <property name="java.vendor" value="Amazon.com Inc."/>
    <property name="java.vm.version" value="11.0.21+9-LTS"/>
    <property name="java.specification.maintenance.version" value="2"/>
    <property name="sun.io.unicode.encoding" value="UnicodeBig"/>
    <property name="java.class.version" value="55.0"/>
  </properties>
  <testcase name="testApp" classname="TheTransitClock.transitclockTraccar.AppTest" time="0.0"/>
</testsuite>